<?xml version="1.0" encoding="UTF-8"?>
<!-- Generated by org.testng.reporters.JUnitReportReporter -->
<testsuite hostname="Shikders-Mac-mini.local" failures="0" tests="1" name="org.Maven.AppTest" time="18.863" errors="0" timestamp="2022-08-23T18:11:09 BDT" skipped="0">
  <testcase classname="org.Maven.AppTest" name="basePagenavigation" time="18.863"/>
  <system-out/>
</testsuite> <!-- org.Maven.AppTest -->
