<?xml version="1.0" encoding="UTF-8"?>
<!-- Generated by org.testng.reporters.JUnitReportReporter -->
<testsuite hostname="Shikders-Mac-mini.local" failures="0" tests="2" name="org.Maven.AppTest" time="17.441" errors="0" timestamp="2022-08-24T10:32:07 BDT" skipped="0">
  <testcase classname="org.Maven.AppTest" name="Login" time="14.831"/>
  <system-out/>
  <testcase classname="org.Maven.AppTest" name="BasePagenavigation" time="2.610"/>
  <system-out/>
</testsuite> <!-- org.Maven.AppTest -->
